0 info it worked if it ends with ok
1 verbose cli [ 'C:\\Program Files\\nodejs\\\\node.exe',
1 verbose cli   'C:\\Program Files\\nodejs\\node_modules\\npm\\bin\\npm-cli.js',
1 verbose cli   'install' ]
2 info using npm@1.4.28
3 info using node@v0.10.35
4 verbose node symlink C:\Program Files\nodejs\\node.exe
5 verbose readDependencies using package.json deps
6 verbose install where, deps [ 'C:\\Users\\ksmit207\\Documents\\Git\\trivial-purfuit',
6 verbose install   [ 'karma',
6 verbose install     'protractor',
6 verbose install     'http-server',
6 verbose install     'bower',
6 verbose install     'shelljs',
6 verbose install     'karma-junit-reporter' ] ]
7 info preinstall trivial-purfuit@0.0.0
8 verbose readDependencies using package.json deps
9 verbose already installed skipping karma@~0.10 C:\Users\ksmit207\Documents\Git\trivial-purfuit
10 verbose already installed skipping protractor@^1.1.1 C:\Users\ksmit207\Documents\Git\trivial-purfuit
11 verbose already installed skipping http-server@^0.6.1 C:\Users\ksmit207\Documents\Git\trivial-purfuit
12 verbose already installed skipping bower@^1.3.1 C:\Users\ksmit207\Documents\Git\trivial-purfuit
13 verbose already installed skipping shelljs@^0.2.6 C:\Users\ksmit207\Documents\Git\trivial-purfuit
14 verbose already installed skipping karma-junit-reporter@^0.2.2 C:\Users\ksmit207\Documents\Git\trivial-purfuit
15 silly resolved []
16 info build C:\Users\ksmit207\Documents\Git\trivial-purfuit
17 verbose linkStuff [ false, false, false, 'C:\\Users\\ksmit207\\Documents\\Git' ]
18 info linkStuff trivial-purfuit@0.0.0
19 verbose linkBins trivial-purfuit@0.0.0
20 verbose linkMans trivial-purfuit@0.0.0
21 verbose rebuildBundles trivial-purfuit@0.0.0
22 verbose rebuildBundles [ '.bin',
22 verbose rebuildBundles   'bower',
22 verbose rebuildBundles   'http-server',
22 verbose rebuildBundles   'karma',
22 verbose rebuildBundles   'karma-chrome-launcher',
22 verbose rebuildBundles   'karma-coffee-preprocessor',
22 verbose rebuildBundles   'karma-firefox-launcher',
22 verbose rebuildBundles   'karma-html2js-preprocessor',
22 verbose rebuildBundles   'karma-jasmine',
22 verbose rebuildBundles   'karma-junit-reporter',
22 verbose rebuildBundles   'karma-phantomjs-launcher',
22 verbose rebuildBundles   'karma-requirejs',
22 verbose rebuildBundles   'karma-script-launcher',
22 verbose rebuildBundles   'protractor',
22 verbose rebuildBundles   'requirejs',
22 verbose rebuildBundles   'shelljs' ]
23 verbose rebuild bundle C:\Users\ksmit207\Documents\Git\trivial-purfuit\node_modules\karma-chrome-launcher
24 info build C:\Users\ksmit207\Documents\Git\trivial-purfuit\node_modules\karma-chrome-launcher
25 info preinstall karma-chrome-launcher@0.1.8
26 verbose linkStuff [ false,
26 verbose linkStuff   false,
26 verbose linkStuff   false,
26 verbose linkStuff   'C:\\Users\\ksmit207\\Documents\\Git\\trivial-purfuit\\node_modules' ]
27 info linkStuff karma-chrome-launcher@0.1.8
28 verbose linkBins karma-chrome-launcher@0.1.8
29 verbose linkMans karma-chrome-launcher@0.1.8
30 verbose rebuildBundles karma-chrome-launcher@0.1.8
31 verbose rebuildBundles [ '.bin', 'which' ]
32 info install karma-chrome-launcher@0.1.8
33 info postinstall karma-chrome-launcher@0.1.8
34 verbose rebuild bundle C:\Users\ksmit207\Documents\Git\trivial-purfuit\node_modules\karma-coffee-preprocessor
35 info build C:\Users\ksmit207\Documents\Git\trivial-purfuit\node_modules\karma-coffee-preprocessor
36 info preinstall karma-coffee-preprocessor@0.1.3
37 verbose linkStuff [ false,
37 verbose linkStuff   false,
37 verbose linkStuff   false,
37 verbose linkStuff   'C:\\Users\\ksmit207\\Documents\\Git\\trivial-purfuit\\node_modules' ]
38 info linkStuff karma-coffee-preprocessor@0.1.3
39 verbose linkBins karma-coffee-preprocessor@0.1.3
40 verbose linkMans karma-coffee-preprocessor@0.1.3
41 verbose rebuildBundles karma-coffee-preprocessor@0.1.3
42 verbose rebuildBundles [ '.bin', 'coffee-script' ]
43 info install karma-coffee-preprocessor@0.1.3
44 info postinstall karma-coffee-preprocessor@0.1.3
45 verbose rebuild bundle C:\Users\ksmit207\Documents\Git\trivial-purfuit\node_modules\karma-firefox-launcher
46 info build C:\Users\ksmit207\Documents\Git\trivial-purfuit\node_modules\karma-firefox-launcher
47 info preinstall karma-firefox-launcher@0.1.4
48 verbose linkStuff [ false,
48 verbose linkStuff   false,
48 verbose linkStuff   false,
48 verbose linkStuff   'C:\\Users\\ksmit207\\Documents\\Git\\trivial-purfuit\\node_modules' ]
49 info linkStuff karma-firefox-launcher@0.1.4
50 verbose linkBins karma-firefox-launcher@0.1.4
51 verbose linkMans karma-firefox-launcher@0.1.4
52 verbose rebuildBundles karma-firefox-launcher@0.1.4
53 info install karma-firefox-launcher@0.1.4
54 info postinstall karma-firefox-launcher@0.1.4
55 verbose rebuild bundle C:\Users\ksmit207\Documents\Git\trivial-purfuit\node_modules\karma-html2js-preprocessor
56 info build C:\Users\ksmit207\Documents\Git\trivial-purfuit\node_modules\karma-html2js-preprocessor
57 info preinstall karma-html2js-preprocessor@0.1.0
58 verbose linkStuff [ false,
58 verbose linkStuff   false,
58 verbose linkStuff   false,
58 verbose linkStuff   'C:\\Users\\ksmit207\\Documents\\Git\\trivial-purfuit\\node_modules' ]
59 info linkStuff karma-html2js-preprocessor@0.1.0
60 verbose linkBins karma-html2js-preprocessor@0.1.0
61 verbose linkMans karma-html2js-preprocessor@0.1.0
62 verbose rebuildBundles karma-html2js-preprocessor@0.1.0
63 info install karma-html2js-preprocessor@0.1.0
64 info postinstall karma-html2js-preprocessor@0.1.0
65 verbose rebuild bundle C:\Users\ksmit207\Documents\Git\trivial-purfuit\node_modules\karma-jasmine
66 info build C:\Users\ksmit207\Documents\Git\trivial-purfuit\node_modules\karma-jasmine
67 info preinstall karma-jasmine@0.1.5
68 verbose linkStuff [ false,
68 verbose linkStuff   false,
68 verbose linkStuff   false,
68 verbose linkStuff   'C:\\Users\\ksmit207\\Documents\\Git\\trivial-purfuit\\node_modules' ]
69 info linkStuff karma-jasmine@0.1.5
70 verbose linkBins karma-jasmine@0.1.5
71 verbose linkMans karma-jasmine@0.1.5
72 verbose rebuildBundles karma-jasmine@0.1.5
73 info install karma-jasmine@0.1.5
74 info postinstall karma-jasmine@0.1.5
75 verbose rebuild bundle C:\Users\ksmit207\Documents\Git\trivial-purfuit\node_modules\karma-phantomjs-launcher
76 info build C:\Users\ksmit207\Documents\Git\trivial-purfuit\node_modules\karma-phantomjs-launcher
77 info preinstall karma-phantomjs-launcher@0.1.4
78 verbose linkStuff [ false,
78 verbose linkStuff   false,
78 verbose linkStuff   false,
78 verbose linkStuff   'C:\\Users\\ksmit207\\Documents\\Git\\trivial-purfuit\\node_modules' ]
79 info linkStuff karma-phantomjs-launcher@0.1.4
80 verbose linkBins karma-phantomjs-launcher@0.1.4
81 verbose linkMans karma-phantomjs-launcher@0.1.4
82 verbose rebuildBundles karma-phantomjs-launcher@0.1.4
83 verbose rebuildBundles [ '.bin', 'phantomjs' ]
84 info install karma-phantomjs-launcher@0.1.4
85 info postinstall karma-phantomjs-launcher@0.1.4
86 verbose rebuild bundle C:\Users\ksmit207\Documents\Git\trivial-purfuit\node_modules\karma-requirejs
87 info build C:\Users\ksmit207\Documents\Git\trivial-purfuit\node_modules\karma-requirejs
88 info preinstall karma-requirejs@0.2.2
89 verbose linkStuff [ false,
89 verbose linkStuff   false,
89 verbose linkStuff   false,
89 verbose linkStuff   'C:\\Users\\ksmit207\\Documents\\Git\\trivial-purfuit\\node_modules' ]
90 info linkStuff karma-requirejs@0.2.2
91 verbose linkBins karma-requirejs@0.2.2
92 verbose linkMans karma-requirejs@0.2.2
93 verbose rebuildBundles karma-requirejs@0.2.2
94 info install karma-requirejs@0.2.2
95 info postinstall karma-requirejs@0.2.2
96 verbose rebuild bundle C:\Users\ksmit207\Documents\Git\trivial-purfuit\node_modules\karma-script-launcher
97 info build C:\Users\ksmit207\Documents\Git\trivial-purfuit\node_modules\karma-script-launcher
98 info preinstall karma-script-launcher@0.1.0
99 verbose linkStuff [ false,
99 verbose linkStuff   false,
99 verbose linkStuff   false,
99 verbose linkStuff   'C:\\Users\\ksmit207\\Documents\\Git\\trivial-purfuit\\node_modules' ]
100 info linkStuff karma-script-launcher@0.1.0
101 verbose linkBins karma-script-launcher@0.1.0
102 verbose linkMans karma-script-launcher@0.1.0
103 verbose rebuildBundles karma-script-launcher@0.1.0
104 info install karma-script-launcher@0.1.0
105 info postinstall karma-script-launcher@0.1.0
106 verbose rebuild bundle C:\Users\ksmit207\Documents\Git\trivial-purfuit\node_modules\requirejs
107 info build C:\Users\ksmit207\Documents\Git\trivial-purfuit\node_modules\requirejs
108 info preinstall requirejs@2.1.17
109 verbose linkStuff [ false,
109 verbose linkStuff   false,
109 verbose linkStuff   false,
109 verbose linkStuff   'C:\\Users\\ksmit207\\Documents\\Git\\trivial-purfuit\\node_modules' ]
110 info linkStuff requirejs@2.1.17
111 verbose linkBins requirejs@2.1.17
112 verbose link bins [ { 'r.js': './bin/r.js' },
112 verbose link bins   'C:\\Users\\ksmit207\\Documents\\Git\\trivial-purfuit\\node_modules\\.bin',
112 verbose link bins   false ]
113 verbose linkMans requirejs@2.1.17
114 verbose rebuildBundles requirejs@2.1.17
115 info install requirejs@2.1.17
116 info postinstall requirejs@2.1.17
117 info install trivial-purfuit@0.0.0
118 info postinstall trivial-purfuit@0.0.0
119 verbose unsafe-perm in lifecycle true
120 info trivial-purfuit@0.0.0 Failed to exec postinstall script
121 error trivial-purfuit@0.0.0 postinstall: `bower install`
121 error Exit status 1
122 error Failed at the trivial-purfuit@0.0.0 postinstall script.
122 error This is most likely a problem with the trivial-purfuit package,
122 error not with npm itself.
122 error Tell the author that this fails on your system:
122 error     bower install
122 error You can get their info via:
122 error     npm owner ls trivial-purfuit
122 error There is likely additional logging output above.
123 error System Windows_NT 6.2.9200
124 error command "C:\\Program Files\\nodejs\\\\node.exe" "C:\\Program Files\\nodejs\\node_modules\\npm\\bin\\npm-cli.js" "install"
125 error cwd C:\Users\ksmit207\Documents\Git\trivial-purfuit
126 error node -v v0.10.35
127 error npm -v 1.4.28
128 error code ELIFECYCLE
129 verbose exit [ 1, true ]
